<?xml version="1.0" encoding="UTF-8"?>
<!-- Generated by org.testng.reporters.JUnitReportReporter -->
<testsuite hostname="N-IND-LTP-324" failures="0" tests="37" name="com.wheelpros.qa.testcases.CreditAppUKTestCase" time="362.090" errors="1" timestamp="2023-04-26T16:08:43 IST" skipped="0">
  <testcase classname="com.wheelpros.qa.testcases.CreditAppUKTestCase" name="validateCompanyNumber" time="8.309"/>
  <system-out/>
  <testcase classname="com.wheelpros.qa.testcases.CreditAppUKTestCase" name="drpDwnselectLastRegionandMiddleRegion" time="19.353"/>
  <system-out/>
  <testcase classname="com.wheelpros.qa.testcases.CreditAppUKTestCase" name="excludeLastNameContactPage" time="9.481"/>
  <system-out/>
  <testcase classname="com.wheelpros.qa.testcases.CreditAppUKTestCase" name="ValidationLessThanTenDigitPhoneContactPage" time="9.241"/>
  <system-out/>
  <testcase classname="com.wheelpros.qa.testcases.CreditAppUKTestCase" name="excludeStreetAddress" time="7.076"/>
  <system-out/>
  <testcase classname="com.wheelpros.qa.testcases.CreditAppUKTestCase" name="InvalidCompanyNumberEnterspclCharacters" time="9.122"/>
  <system-out/>
  <testcase classname="com.wheelpros.qa.testcases.CreditAppUKTestCase" name="companyAllMandatoryFields" time="5.494"/>
  <system-out/>
  <testcase classname="com.wheelpros.qa.testcases.CreditAppUKTestCase" name="InvalidVATRegistration" time="8.939"/>
  <system-out/>
  <testcase classname="com.wheelpros.qa.testcases.CreditAppUKTestCase" name="excludeIstheBusinessOperatingAtTheOwnerResidenceCompany" time="8.434"/>
  <system-out/>
  <testcase classname="com.wheelpros.qa.testcases.CreditAppUKTestCase" name="excludeOtherNotes" time="13.109"/>
  <system-out/>
  <testcase classname="com.wheelpros.qa.testcases.CreditAppUKTestCase" name="excludeRegisteredName" time="6.664"/>
  <system-out/>
  <testcase classname="com.wheelpros.qa.testcases.CreditAppUKTestCase" name="validDataInCreditReference1CreditTerms" time="12.146"/>
  <system-out/>
  <testcase classname="com.wheelpros.qa.testcases.CreditAppUKTestCase" name="excludeYearEstablishedByCurrentOwnership" time="6.762"/>
  <system-out/>
  <testcase classname="com.wheelpros.qa.testcases.CreditAppUKTestCase" name="excludeRegion" time="7.672"/>
  <system-out/>
  <testcase classname="com.wheelpros.qa.testcases.CreditAppUKTestCase" name="InvalidVATRegistrationspclCharacter" time="9.099"/>
  <system-out/>
  <testcase classname="com.wheelpros.qa.testcases.CreditAppUKTestCase" name="ValidationMoreThanTenDigitPhoneContactPage" time="11.109"/>
  <system-out/>
  <testcase classname="com.wheelpros.qa.testcases.CreditAppUKTestCase" name="lbl20thProxCreditTerms" time="10.740"/>
  <system-out/>
  <testcase classname="com.wheelpros.qa.testcases.CreditAppUKTestCase" name="InvalidCompanyNumber" time="15.339">
    <error message="no such element: Unable to locate element: {&quot;method&quot;:&quot;xpath&quot;,&quot;selector&quot;:&quot;//*[contains(@class, &#039;company_name_input&#039;)]//input&quot;}
  (Session info: chrome=112.0.5615.138)
For documentation on this error, please visit: https://selenium.dev/exceptions/#no_such_element
Build info: version: &#039;4.4.0&#039;, revision: &#039;e5c75ed026a&#039;
System info: host: &#039;N-IND-LTP-324&#039;, ip: &#039;192.168.1.5&#039;, os.name: &#039;Windows 11&#039;, os.arch: &#039;amd64&#039;, os.version: &#039;10.0&#039;, java.version: &#039;19&#039;
Driver info: org.openqa.selenium.chrome.ChromeDriver
Command: [47828c3105e4bb13d3ea2410a48f3d5d, findElement {using=xpath, value=//*[contains(@class, &#039;company_name_input&#039;)]//input}]
Capabilities {acceptInsecureCerts: false, browserName: chrome, browserVersion: 112.0.5615.138, chrome: {chromedriverVersion: 111.0.5563.64 (c710e93d5b63..., userDataDir: C:\Users\Shashi\AppData\Loc...}, goog:chromeOptions: {debuggerAddress: localhost:54774}, networkConnectionEnabled: false, pageLoadStrategy: normal, platformName: WINDOWS, proxy: Proxy(), se:cdp: ws://localhost:54774/devtoo..., se:cdpVersion: 112.0.5615.138, setWindowRect: true, strictFileInteractability: false, timeouts: {implicit: 0, pageLoad: 300000, script: 30000}, unhandledPromptBehavior: dismiss and notify, webauthn:extension:credBlob: true, webauthn:extension:largeBlob: true, webauthn:extension:minPinLength: true, webauthn:extension:prf: true, webauthn:virtualAuthenticators: true}
Session ID: 47828c3105e4bb13d3ea2410a48f3d5d" type="org.openqa.selenium.NoSuchElementException">
      <![CDATA[org.openqa.selenium.NoSuchElementException: no such element: Unable to locate element: {"method":"xpath","selector":"//*[contains(@class, 'company_name_input')]//input"}
  (Session info: chrome=112.0.5615.138)
For documentation on this error, please visit: https://selenium.dev/exceptions/#no_such_element
Build info: version: '4.4.0', revision: 'e5c75ed026a'
System info: host: 'N-IND-LTP-324', ip: '192.168.1.5', os.name: 'Windows 11', os.arch: 'amd64', os.version: '10.0', java.version: '19'
Driver info: org.openqa.selenium.chrome.ChromeDriver
Command: [47828c3105e4bb13d3ea2410a48f3d5d, findElement {using=xpath, value=//*[contains(@class, 'company_name_input')]//input}]
Capabilities {acceptInsecureCerts: false, browserName: chrome, browserVersion: 112.0.5615.138, chrome: {chromedriverVersion: 111.0.5563.64 (c710e93d5b63..., userDataDir: C:\Users\Shashi\AppData\Loc...}, goog:chromeOptions: {debuggerAddress: localhost:54774}, networkConnectionEnabled: false, pageLoadStrategy: normal, platformName: WINDOWS, proxy: Proxy(), se:cdp: ws://localhost:54774/devtoo..., se:cdpVersion: 112.0.5615.138, setWindowRect: true, strictFileInteractability: false, timeouts: {implicit: 0, pageLoad: 300000, script: 30000}, unhandledPromptBehavior: dismiss and notify, webauthn:extension:credBlob: true, webauthn:extension:largeBlob: true, webauthn:extension:minPinLength: true, webauthn:extension:prf: true, webauthn:virtualAuthenticators: true}
Session ID: 47828c3105e4bb13d3ea2410a48f3d5d
at java.base/jdk.internal.reflect.DirectConstructorHandleAccessor.newInstance(DirectConstructorHandleAccessor.java:67)
at java.base/java.lang.reflect.Constructor.newInstanceWithCaller(Constructor.java:500)
at java.base/java.lang.reflect.Constructor.newInstance(Constructor.java:484)
at org.openqa.selenium.remote.codec.w3c.W3CHttpResponseCodec.createException(W3CHttpResponseCodec.java:200)
at org.openqa.selenium.remote.codec.w3c.W3CHttpResponseCodec.decode(W3CHttpResponseCodec.java:133)
at org.openqa.selenium.remote.codec.w3c.W3CHttpResponseCodec.decode(W3CHttpResponseCodec.java:53)
at org.openqa.selenium.remote.HttpCommandExecutor.execute(HttpCommandExecutor.java:184)
at org.openqa.selenium.remote.service.DriverCommandExecutor.invokeExecute(DriverCommandExecutor.java:167)
at org.openqa.selenium.remote.service.DriverCommandExecutor.execute(DriverCommandExecutor.java:142)
at org.openqa.selenium.remote.RemoteWebDriver.execute(RemoteWebDriver.java:547)
at org.openqa.selenium.remote.ElementLocation$ElementFinder$2.findElement(ElementLocation.java:162)
at org.openqa.selenium.remote.ElementLocation.findElement(ElementLocation.java:60)
at org.openqa.selenium.remote.RemoteWebDriver.findElement(RemoteWebDriver.java:365)
at org.openqa.selenium.remote.RemoteWebDriver.findElement(RemoteWebDriver.java:357)
at org.openqa.selenium.support.pagefactory.DefaultElementLocator.findElement(DefaultElementLocator.java:70)
at org.openqa.selenium.support.pagefactory.internal.LocatingElementHandler.invoke(LocatingElementHandler.java:39)
at jdk.proxy2/jdk.proxy2.$Proxy18.clear(Unknown Source)
at com.wheelpros.web.utils.BasePage.clearAndEnterText(BasePage.java:49)
at com.wheelpros.qa.uk.pages.CompanyPage.enterRegisteredName(CompanyPage.java:118)
at com.wheelpros.qa.testcases.CreditAppUKTestCase.InvalidCompanyNumber(CreditAppUKTestCase.java:91)
at java.base/jdk.internal.reflect.DirectMethodHandleAccessor.invoke(DirectMethodHandleAccessor.java:104)
at java.base/java.lang.reflect.Method.invoke(Method.java:578)
at org.testng.internal.MethodInvocationHelper.invokeMethod(MethodInvocationHelper.java:133)
at org.testng.internal.TestInvoker.invokeMethod(TestInvoker.java:598)
at org.testng.internal.TestInvoker.invokeTestMethod(TestInvoker.java:173)
at org.testng.internal.MethodRunner.runInSequence(MethodRunner.java:46)
at org.testng.internal.TestInvoker$MethodInvocationAgent.invoke(TestInvoker.java:824)
at org.testng.internal.TestInvoker.invokeTestMethods(TestInvoker.java:146)
at org.testng.internal.TestMethodWorker.invokeTestMethods(TestMethodWorker.java:146)
at org.testng.internal.TestMethodWorker.run(TestMethodWorker.java:128)
at java.base/java.util.ArrayList.forEach(ArrayList.java:1511)
at org.testng.TestRunner.privateRun(TestRunner.java:794)
at org.testng.TestRunner.run(TestRunner.java:596)
at org.testng.SuiteRunner.runTest(SuiteRunner.java:377)
at org.testng.SuiteRunner.runSequentially(SuiteRunner.java:371)
at org.testng.SuiteRunner.privateRun(SuiteRunner.java:332)
at org.testng.SuiteRunner.run(SuiteRunner.java:276)
at org.testng.SuiteRunnerWorker.runSuite(SuiteRunnerWorker.java:53)
at org.testng.SuiteRunnerWorker.run(SuiteRunnerWorker.java:96)
at org.testng.TestNG.runSuitesSequentially(TestNG.java:1212)
at org.testng.TestNG.runSuitesLocally(TestNG.java:1134)
at org.testng.TestNG.runSuites(TestNG.java:1063)
at org.testng.TestNG.run(TestNG.java:1031)
at org.testng.remote.AbstractRemoteTestNG.run(AbstractRemoteTestNG.java:115)
at org.testng.remote.RemoteTestNG.initAndRun(RemoteTestNG.java:251)
at org.testng.remote.RemoteTestNG.main(RemoteTestNG.java:77)
]]>
    </error>
  </testcase> <!-- InvalidCompanyNumber -->
  <system-out/>
  <testcase classname="com.wheelpros.qa.testcases.CreditAppUKTestCase" name="ValidationInvalidPhoneContactPage" time="7.869"/>
  <system-out/>
  <testcase classname="com.wheelpros.qa.testcases.CreditAppUKTestCase" name="excludePhoneContactPage" time="10.792"/>
  <system-out/>
  <testcase classname="com.wheelpros.qa.testcases.CreditAppUKTestCase" name="excludeVATRegistration" time="6.998"/>
  <system-out/>
  <testcase classname="com.wheelpros.qa.testcases.CreditAppUKTestCase" name="dealerEnrollmentTest" time="17.922"/>
  <system-out/>
  <testcase classname="com.wheelpros.qa.testcases.CreditAppUKTestCase" name="VaildDatasubmitCompanyPage" time="9.665"/>
  <system-out/>
  <testcase classname="com.wheelpros.qa.testcases.CreditAppUKTestCase" name="mandatroyFiledsEmptyCreditTerms" time="10.943"/>
  <system-out/>
  <testcase classname="com.wheelpros.qa.testcases.CreditAppUKTestCase" name="ValidationInvaliEmailContactPage" time="10.260"/>
  <system-out/>
  <testcase classname="com.wheelpros.qa.testcases.CreditAppUKTestCase" name="validDataInOwner2CreditTerms" time="10.120"/>
  <system-out/>
  <testcase classname="com.wheelpros.qa.testcases.CreditAppUKTestCase" name="InvalidCompanyNumberEnterAlphabets" time="12.344"/>
  <system-out/>
  <testcase classname="com.wheelpros.qa.testcases.CreditAppUKTestCase" name="InvalidYearEstablishedByCurrentOwnership" time="7.686"/>
  <system-out/>
  <testcase classname="com.wheelpros.qa.testcases.CreditAppUKTestCase" name="clickYesCreditTerms" time="9.027"/>
  <system-out/>
  <testcase classname="com.wheelpros.qa.testcases.CreditAppUKTestCase" name="companyDetailsPageload" time="5.080"/>
  <system-out/>
  <testcase classname="com.wheelpros.qa.testcases.CreditAppUKTestCase" name="VaildDataContactPage" time="11.693"/>
  <system-out/>
  <testcase classname="com.wheelpros.qa.testcases.CreditAppUKTestCase" name="excludeBusinessLegalStructure" time="8.884"/>
  <system-out/>
  <testcase classname="com.wheelpros.qa.testcases.CreditAppUKTestCase" name="excludeEmailAddressContactPage" time="10.799"/>
  <system-out/>
  <testcase classname="com.wheelpros.qa.testcases.CreditAppUKTestCase" name="excludeCompanyNumber" time="7.211"/>
  <system-out/>
  <testcase classname="com.wheelpros.qa.testcases.CreditAppUKTestCase" name="excludeFirstNameContactPage" time="7.683"/>
  <system-out/>
  <testcase classname="com.wheelpros.qa.testcases.CreditAppUKTestCase" name="validDataInOwner1CreditTerms" time="10.896"/>
  <system-out/>
  <testcase classname="com.wheelpros.qa.testcases.CreditAppUKTestCase" name="excludeCity" time="8.129"/>
  <system-out/>
</testsuite> <!-- com.wheelpros.qa.testcases.CreditAppUKTestCase -->
