<?xml version="1.0" encoding="UTF-8"?>
<!-- Generated by org.testng.reporters.JUnitReportReporter -->
<testsuite hostname="N-IND-LTP-324" failures="0" tests="26" name="com.wheelpros.qa.testcases.CreditAppUKTestCase1" time="493.387" errors="2" timestamp="2023-04-26T16:08:43 IST" skipped="0">
  <testcase classname="com.wheelpros.qa.testcases.CreditAppUKTestCase1" name="ProjectedMonthlyPurchaseTotalCreditTerms" time="13.734"/>
  <system-out/>
  <testcase classname="com.wheelpros.qa.testcases.CreditAppUKTestCase1" name="excludeDataGuarantor2PersonalGuaranteeRegion" time="16.877"/>
  <system-out/>
  <testcase classname="com.wheelpros.qa.testcases.CreditAppUKTestCase1" name="excludeDataGuarantor2PersonalGuaranteeLastName" time="15.087"/>
  <system-out/>
  <testcase classname="com.wheelpros.qa.testcases.CreditAppUKTestCase1" name="signatureNeedstoClearedCreditTerms" time="16.107"/>
  <system-out/>
  <testcase classname="com.wheelpros.qa.testcases.CreditAppUKTestCase1" name="excludeDataGuarantor1PersonalGuaranteeStreetAddress" time="29.774"/>
  <system-out/>
  <testcase classname="com.wheelpros.qa.testcases.CreditAppUKTestCase1" name="clickYesCreditTerms" time="18.801"/>
  <system-out/>
  <testcase classname="com.wheelpros.qa.testcases.CreditAppUKTestCase1" name="clickIAcknowledgeAndAuthorizeTheContinuingPersonalGuarantee" time="17.059"/>
  <system-out/>
  <testcase classname="com.wheelpros.qa.testcases.CreditAppUKTestCase1" name="excludeDataGuarantor1PersonalGuaranteeLastName" time="19.633"/>
  <system-out/>
  <testcase classname="com.wheelpros.qa.testcases.CreditAppUKTestCase1" name="excludeDataGuarantor1PersonalGuaranteeRegion" time="25.424"/>
  <system-out/>
  <testcase classname="com.wheelpros.qa.testcases.CreditAppUKTestCase1" name="excludeDataGuarantor1PersonalGuaranteePostCode" time="17.572"/>
  <system-out/>
  <testcase classname="com.wheelpros.qa.testcases.CreditAppUKTestCase1" name="excludeDataGuarantor1PersonalGuaranteeSignature" time="18.402"/>
  <system-out/>
  <testcase classname="com.wheelpros.qa.testcases.CreditAppUKTestCase1" name="validDataAllMandatoryFieldsCreditTerms" time="14.773"/>
  <system-out/>
  <testcase classname="com.wheelpros.qa.testcases.CreditAppUKTestCase1" name="testcompanynumber" time="21.110">
    <error message="no such element: Unable to locate element: {&quot;method&quot;:&quot;xpath&quot;,&quot;selector&quot;:&quot;//button[text()=&#039;Back&#039;]&quot;}
  (Session info: chrome=112.0.5615.138)
For documentation on this error, please visit: https://selenium.dev/exceptions/#no_such_element
Build info: version: &#039;4.4.0&#039;, revision: &#039;e5c75ed026a&#039;
System info: host: &#039;N-IND-LTP-324&#039;, ip: &#039;192.168.1.5&#039;, os.name: &#039;Windows 11&#039;, os.arch: &#039;amd64&#039;, os.version: &#039;10.0&#039;, java.version: &#039;19&#039;
Driver info: org.openqa.selenium.chrome.ChromeDriver
Command: [ad5c0e6c8063be45f18450ef9c1f7506, findElement {using=xpath, value=//button[text()=&#039;Back&#039;]}]
Capabilities {acceptInsecureCerts: false, browserName: chrome, browserVersion: 112.0.5615.138, chrome: {chromedriverVersion: 111.0.5563.64 (c710e93d5b63..., userDataDir: C:\Users\Shashi\AppData\Loc...}, goog:chromeOptions: {debuggerAddress: localhost:56128}, networkConnectionEnabled: false, pageLoadStrategy: normal, platformName: WINDOWS, proxy: Proxy(), se:cdp: ws://localhost:56128/devtoo..., se:cdpVersion: 112.0.5615.138, setWindowRect: true, strictFileInteractability: false, timeouts: {implicit: 0, pageLoad: 300000, script: 30000}, unhandledPromptBehavior: dismiss and notify, webauthn:extension:credBlob: true, webauthn:extension:largeBlob: true, webauthn:extension:minPinLength: true, webauthn:extension:prf: true, webauthn:virtualAuthenticators: true}
Session ID: ad5c0e6c8063be45f18450ef9c1f7506" type="org.openqa.selenium.NoSuchElementException">
      <![CDATA[org.openqa.selenium.NoSuchElementException: no such element: Unable to locate element: {"method":"xpath","selector":"//button[text()='Back']"}
  (Session info: chrome=112.0.5615.138)
For documentation on this error, please visit: https://selenium.dev/exceptions/#no_such_element
Build info: version: '4.4.0', revision: 'e5c75ed026a'
System info: host: 'N-IND-LTP-324', ip: '192.168.1.5', os.name: 'Windows 11', os.arch: 'amd64', os.version: '10.0', java.version: '19'
Driver info: org.openqa.selenium.chrome.ChromeDriver
Command: [ad5c0e6c8063be45f18450ef9c1f7506, findElement {using=xpath, value=//button[text()='Back']}]
Capabilities {acceptInsecureCerts: false, browserName: chrome, browserVersion: 112.0.5615.138, chrome: {chromedriverVersion: 111.0.5563.64 (c710e93d5b63..., userDataDir: C:\Users\Shashi\AppData\Loc...}, goog:chromeOptions: {debuggerAddress: localhost:56128}, networkConnectionEnabled: false, pageLoadStrategy: normal, platformName: WINDOWS, proxy: Proxy(), se:cdp: ws://localhost:56128/devtoo..., se:cdpVersion: 112.0.5615.138, setWindowRect: true, strictFileInteractability: false, timeouts: {implicit: 0, pageLoad: 300000, script: 30000}, unhandledPromptBehavior: dismiss and notify, webauthn:extension:credBlob: true, webauthn:extension:largeBlob: true, webauthn:extension:minPinLength: true, webauthn:extension:prf: true, webauthn:virtualAuthenticators: true}
Session ID: ad5c0e6c8063be45f18450ef9c1f7506
at java.base/jdk.internal.reflect.DirectConstructorHandleAccessor.newInstance(DirectConstructorHandleAccessor.java:67)
at java.base/java.lang.reflect.Constructor.newInstanceWithCaller(Constructor.java:500)
at java.base/java.lang.reflect.Constructor.newInstance(Constructor.java:484)
at org.openqa.selenium.remote.codec.w3c.W3CHttpResponseCodec.createException(W3CHttpResponseCodec.java:200)
at org.openqa.selenium.remote.codec.w3c.W3CHttpResponseCodec.decode(W3CHttpResponseCodec.java:133)
at org.openqa.selenium.remote.codec.w3c.W3CHttpResponseCodec.decode(W3CHttpResponseCodec.java:53)
at org.openqa.selenium.remote.HttpCommandExecutor.execute(HttpCommandExecutor.java:184)
at org.openqa.selenium.remote.service.DriverCommandExecutor.invokeExecute(DriverCommandExecutor.java:167)
at org.openqa.selenium.remote.service.DriverCommandExecutor.execute(DriverCommandExecutor.java:142)
at org.openqa.selenium.remote.RemoteWebDriver.execute(RemoteWebDriver.java:547)
at org.openqa.selenium.remote.ElementLocation$ElementFinder$2.findElement(ElementLocation.java:162)
at org.openqa.selenium.remote.ElementLocation.findElement(ElementLocation.java:60)
at org.openqa.selenium.remote.RemoteWebDriver.findElement(RemoteWebDriver.java:365)
at org.openqa.selenium.remote.RemoteWebDriver.findElement(RemoteWebDriver.java:357)
at org.openqa.selenium.support.pagefactory.DefaultElementLocator.findElement(DefaultElementLocator.java:70)
at org.openqa.selenium.support.pagefactory.internal.LocatingElementHandler.invoke(LocatingElementHandler.java:39)
at jdk.proxy2/jdk.proxy2.$Proxy18.click(Unknown Source)
at com.wheelpros.qa.uk.pages.ContactPage.clikBack(ContactPage.java:128)
at com.wheelpros.qa.testflows.NewCreditAppFlows.testCompanyNumberInValidationUk(NewCreditAppFlows.java:543)
at com.wheelpros.qa.testcases.CreditAppUKTestCase1.testcompanynumber(CreditAppUKTestCase1.java:788)
at java.base/jdk.internal.reflect.DirectMethodHandleAccessor.invoke(DirectMethodHandleAccessor.java:104)
at java.base/java.lang.reflect.Method.invoke(Method.java:578)
at org.testng.internal.MethodInvocationHelper.invokeMethod(MethodInvocationHelper.java:133)
at org.testng.internal.TestInvoker.invokeMethod(TestInvoker.java:598)
at org.testng.internal.TestInvoker.invokeTestMethod(TestInvoker.java:173)
at org.testng.internal.MethodRunner.runInSequence(MethodRunner.java:46)
at org.testng.internal.TestInvoker$MethodInvocationAgent.invoke(TestInvoker.java:824)
at org.testng.internal.TestInvoker.invokeTestMethods(TestInvoker.java:146)
at org.testng.internal.TestMethodWorker.invokeTestMethods(TestMethodWorker.java:146)
at org.testng.internal.TestMethodWorker.run(TestMethodWorker.java:128)
at java.base/java.util.ArrayList.forEach(ArrayList.java:1511)
at org.testng.TestRunner.privateRun(TestRunner.java:794)
at org.testng.TestRunner.run(TestRunner.java:596)
at org.testng.SuiteRunner.runTest(SuiteRunner.java:377)
at org.testng.SuiteRunner.runSequentially(SuiteRunner.java:371)
at org.testng.SuiteRunner.privateRun(SuiteRunner.java:332)
at org.testng.SuiteRunner.run(SuiteRunner.java:276)
at org.testng.SuiteRunnerWorker.runSuite(SuiteRunnerWorker.java:53)
at org.testng.SuiteRunnerWorker.run(SuiteRunnerWorker.java:96)
at org.testng.TestNG.runSuitesSequentially(TestNG.java:1212)
at org.testng.TestNG.runSuitesLocally(TestNG.java:1134)
at org.testng.TestNG.runSuites(TestNG.java:1063)
at org.testng.TestNG.run(TestNG.java:1031)
at org.testng.remote.AbstractRemoteTestNG.run(AbstractRemoteTestNG.java:115)
at org.testng.remote.RemoteTestNG.initAndRun(RemoteTestNG.java:251)
at org.testng.remote.RemoteTestNG.main(RemoteTestNG.java:77)
]]>
    </error>
  </testcase> <!-- testcompanynumber -->
  <system-out/>
  <testcase classname="com.wheelpros.qa.testcases.CreditAppUKTestCase1" name="excludeDataGuarantor2PersonalGuaranteePostCode" time="17.169"/>
  <system-out/>
  <testcase classname="com.wheelpros.qa.testcases.CreditAppUKTestCase1" name="excludeDataGuarantor2PersonalGuaranteeSignature" time="15.075"/>
  <system-out/>
  <testcase classname="com.wheelpros.qa.testcases.CreditAppUKTestCase1" name="clickNoCreditTerms" time="17.801"/>
  <system-out/>
  <testcase classname="com.wheelpros.qa.testcases.CreditAppUKTestCase1" name="excludeDataGuarantor2PersonalGuaranteeStreetAddress" time="16.448"/>
  <system-out/>
  <testcase classname="com.wheelpros.qa.testcases.CreditAppUKTestCase1" name="validDataGuarantor1PersonalGuarantee" time="23.893"/>
  <system-out/>
  <testcase classname="com.wheelpros.qa.testcases.CreditAppUKTestCase1" name="excludeDataGuarantor2PersonalGuaranteeCity" time="16.611"/>
  <system-out/>
  <testcase classname="com.wheelpros.qa.testcases.CreditAppUKTestCase1" name="excludeDataGuarantor2PersonalGuaranteeFirstName" time="15.222"/>
  <system-out/>
  <testcase classname="com.wheelpros.qa.testcases.CreditAppUKTestCase1" name="validDataInSignerInformationCreditTerms" time="13.634"/>
  <system-out/>
  <testcase classname="com.wheelpros.qa.testcases.CreditAppUKTestCase1" name="testCompanyNumberInValidation" time="21.013">
    <error message="no such element: Unable to locate element: {&quot;method&quot;:&quot;xpath&quot;,&quot;selector&quot;:&quot;//button[text()=&#039;Back&#039;]&quot;}
  (Session info: chrome=112.0.5615.138)
For documentation on this error, please visit: https://selenium.dev/exceptions/#no_such_element
Build info: version: &#039;4.4.0&#039;, revision: &#039;e5c75ed026a&#039;
System info: host: &#039;N-IND-LTP-324&#039;, ip: &#039;192.168.1.5&#039;, os.name: &#039;Windows 11&#039;, os.arch: &#039;amd64&#039;, os.version: &#039;10.0&#039;, java.version: &#039;19&#039;
Driver info: org.openqa.selenium.chrome.ChromeDriver
Command: [5746066808d3e1a4fa8add36f0078eda, findElement {using=xpath, value=//button[text()=&#039;Back&#039;]}]
Capabilities {acceptInsecureCerts: false, browserName: chrome, browserVersion: 112.0.5615.138, chrome: {chromedriverVersion: 111.0.5563.64 (c710e93d5b63..., userDataDir: C:\Users\Shashi\AppData\Loc...}, goog:chromeOptions: {debuggerAddress: localhost:56079}, networkConnectionEnabled: false, pageLoadStrategy: normal, platformName: WINDOWS, proxy: Proxy(), se:cdp: ws://localhost:56079/devtoo..., se:cdpVersion: 112.0.5615.138, setWindowRect: true, strictFileInteractability: false, timeouts: {implicit: 0, pageLoad: 300000, script: 30000}, unhandledPromptBehavior: dismiss and notify, webauthn:extension:credBlob: true, webauthn:extension:largeBlob: true, webauthn:extension:minPinLength: true, webauthn:extension:prf: true, webauthn:virtualAuthenticators: true}
Session ID: 5746066808d3e1a4fa8add36f0078eda" type="org.openqa.selenium.NoSuchElementException">
      <![CDATA[org.openqa.selenium.NoSuchElementException: no such element: Unable to locate element: {"method":"xpath","selector":"//button[text()='Back']"}
  (Session info: chrome=112.0.5615.138)
For documentation on this error, please visit: https://selenium.dev/exceptions/#no_such_element
Build info: version: '4.4.0', revision: 'e5c75ed026a'
System info: host: 'N-IND-LTP-324', ip: '192.168.1.5', os.name: 'Windows 11', os.arch: 'amd64', os.version: '10.0', java.version: '19'
Driver info: org.openqa.selenium.chrome.ChromeDriver
Command: [5746066808d3e1a4fa8add36f0078eda, findElement {using=xpath, value=//button[text()='Back']}]
Capabilities {acceptInsecureCerts: false, browserName: chrome, browserVersion: 112.0.5615.138, chrome: {chromedriverVersion: 111.0.5563.64 (c710e93d5b63..., userDataDir: C:\Users\Shashi\AppData\Loc...}, goog:chromeOptions: {debuggerAddress: localhost:56079}, networkConnectionEnabled: false, pageLoadStrategy: normal, platformName: WINDOWS, proxy: Proxy(), se:cdp: ws://localhost:56079/devtoo..., se:cdpVersion: 112.0.5615.138, setWindowRect: true, strictFileInteractability: false, timeouts: {implicit: 0, pageLoad: 300000, script: 30000}, unhandledPromptBehavior: dismiss and notify, webauthn:extension:credBlob: true, webauthn:extension:largeBlob: true, webauthn:extension:minPinLength: true, webauthn:extension:prf: true, webauthn:virtualAuthenticators: true}
Session ID: 5746066808d3e1a4fa8add36f0078eda
at java.base/jdk.internal.reflect.DirectConstructorHandleAccessor.newInstance(DirectConstructorHandleAccessor.java:67)
at java.base/java.lang.reflect.Constructor.newInstanceWithCaller(Constructor.java:500)
at java.base/java.lang.reflect.Constructor.newInstance(Constructor.java:484)
at org.openqa.selenium.remote.codec.w3c.W3CHttpResponseCodec.createException(W3CHttpResponseCodec.java:200)
at org.openqa.selenium.remote.codec.w3c.W3CHttpResponseCodec.decode(W3CHttpResponseCodec.java:133)
at org.openqa.selenium.remote.codec.w3c.W3CHttpResponseCodec.decode(W3CHttpResponseCodec.java:53)
at org.openqa.selenium.remote.HttpCommandExecutor.execute(HttpCommandExecutor.java:184)
at org.openqa.selenium.remote.service.DriverCommandExecutor.invokeExecute(DriverCommandExecutor.java:167)
at org.openqa.selenium.remote.service.DriverCommandExecutor.execute(DriverCommandExecutor.java:142)
at org.openqa.selenium.remote.RemoteWebDriver.execute(RemoteWebDriver.java:547)
at org.openqa.selenium.remote.ElementLocation$ElementFinder$2.findElement(ElementLocation.java:162)
at org.openqa.selenium.remote.ElementLocation.findElement(ElementLocation.java:60)
at org.openqa.selenium.remote.RemoteWebDriver.findElement(RemoteWebDriver.java:365)
at org.openqa.selenium.remote.RemoteWebDriver.findElement(RemoteWebDriver.java:357)
at org.openqa.selenium.support.pagefactory.DefaultElementLocator.findElement(DefaultElementLocator.java:70)
at org.openqa.selenium.support.pagefactory.internal.LocatingElementHandler.invoke(LocatingElementHandler.java:39)
at jdk.proxy2/jdk.proxy2.$Proxy18.click(Unknown Source)
at com.wheelpros.qa.uk.pages.ContactPage.clikBack(ContactPage.java:128)
at com.wheelpros.qa.testflows.NewCreditAppFlows.testCompanyNumberInValidationUk(NewCreditAppFlows.java:543)
at com.wheelpros.qa.testcases.CreditAppUKTestCase1.testCompanyNumberInValidation(CreditAppUKTestCase1.java:781)
at java.base/jdk.internal.reflect.DirectMethodHandleAccessor.invoke(DirectMethodHandleAccessor.java:104)
at java.base/java.lang.reflect.Method.invoke(Method.java:578)
at org.testng.internal.MethodInvocationHelper.invokeMethod(MethodInvocationHelper.java:133)
at org.testng.internal.TestInvoker.invokeMethod(TestInvoker.java:598)
at org.testng.internal.TestInvoker.invokeTestMethod(TestInvoker.java:173)
at org.testng.internal.MethodRunner.runInSequence(MethodRunner.java:46)
at org.testng.internal.TestInvoker$MethodInvocationAgent.invoke(TestInvoker.java:824)
at org.testng.internal.TestInvoker.invokeTestMethods(TestInvoker.java:146)
at org.testng.internal.TestMethodWorker.invokeTestMethods(TestMethodWorker.java:146)
at org.testng.internal.TestMethodWorker.run(TestMethodWorker.java:128)
at java.base/java.util.ArrayList.forEach(ArrayList.java:1511)
at org.testng.TestRunner.privateRun(TestRunner.java:794)
at org.testng.TestRunner.run(TestRunner.java:596)
at org.testng.SuiteRunner.runTest(SuiteRunner.java:377)
at org.testng.SuiteRunner.runSequentially(SuiteRunner.java:371)
at org.testng.SuiteRunner.privateRun(SuiteRunner.java:332)
at org.testng.SuiteRunner.run(SuiteRunner.java:276)
at org.testng.SuiteRunnerWorker.runSuite(SuiteRunnerWorker.java:53)
at org.testng.SuiteRunnerWorker.run(SuiteRunnerWorker.java:96)
at org.testng.TestNG.runSuitesSequentially(TestNG.java:1212)
at org.testng.TestNG.runSuitesLocally(TestNG.java:1134)
at org.testng.TestNG.runSuites(TestNG.java:1063)
at org.testng.TestNG.run(TestNG.java:1031)
at org.testng.remote.AbstractRemoteTestNG.run(AbstractRemoteTestNG.java:115)
at org.testng.remote.RemoteTestNG.initAndRun(RemoteTestNG.java:251)
at org.testng.remote.RemoteTestNG.main(RemoteTestNG.java:77)
]]>
    </error>
  </testcase> <!-- testCompanyNumberInValidation -->
  <system-out/>
  <testcase classname="com.wheelpros.qa.testcases.CreditAppUKTestCase1" name="excludeDataGuarantor1PersonalGuaranteeCity" time="30.171"/>
  <system-out/>
  <testcase classname="com.wheelpros.qa.testcases.CreditAppUKTestCase1" name="testCompanyNumberValidation" time="29.253"/>
  <system-out/>
  <testcase classname="com.wheelpros.qa.testcases.CreditAppUKTestCase1" name="excludeDataGuarantor1PersonalGuaranteeFirstName" time="16.812"/>
  <system-out/>
  <testcase classname="com.wheelpros.qa.testcases.CreditAppUKTestCase1" name="clickIDoNotWishToAuthorizePersonalGuarantee" time="15.932"/>
  <system-out/>
</testsuite> <!-- com.wheelpros.qa.testcases.CreditAppUKTestCase1 -->
