<?xml version="1.0" encoding="UTF-8"?>
<!-- Generated by org.testng.reporters.JUnitReportReporter -->
<testsuite hostname="N-IND-LTP-324" failures="0" tests="52" name="com.wheelpros.qa.testcases.CreditAppCATestCase" time="573.839" errors="2" timestamp="2023-04-26T16:35:16 IST" skipped="5">
  <testcase classname="com.wheelpros.qa.testcases.CreditAppCATestCase" name="validateTireRecyclingSpclCharacters" time="5.485">
    <skipped/>
  </testcase> <!-- validateTireRecyclingSpclCharacters -->
  <system-out/>
  <testcase classname="com.wheelpros.qa.testcases.CreditAppCATestCase" name="companyAllMandatoryFieldsEmptyCompany" time="5.674"/>
  <system-out/>
  <testcase classname="com.wheelpros.qa.testcases.CreditAppCATestCase" name="validateTireRecycling16Characters" time="10.458">
    <skipped/>
  </testcase> <!-- validateTireRecycling16Characters -->
  <system-out/>
  <testcase classname="com.wheelpros.qa.testcases.CreditAppCATestCase" name="validateHST9Characters" time="7.552"/>
  <system-out/>
  <testcase classname="com.wheelpros.qa.testcases.CreditAppCATestCase" name="validatePST5Characters" time="8.560"/>
  <system-out/>
  <testcase classname="com.wheelpros.qa.testcases.CreditAppCATestCase" name="excludeBusinessLegalStructureCompany" time="7.610"/>
  <system-out/>
  <testcase classname="com.wheelpros.qa.testcases.CreditAppCATestCase" name="validatePSTSpclCharacters" time="5.617">
    <skipped/>
  </testcase> <!-- validatePSTSpclCharacters -->
  <system-out/>
  <testcase classname="com.wheelpros.qa.testcases.CreditAppCATestCase" name="companyDetailsPageload" time="6.697"/>
  <system-out/>
  <testcase classname="com.wheelpros.qa.testcases.CreditAppCATestCase" name="validateHST16Characters" time="9.068"/>
  <system-out/>
  <testcase classname="com.wheelpros.qa.testcases.CreditAppCATestCase" name="validateGST10Characters" time="26.839"/>
  <system-out/>
  <testcase classname="com.wheelpros.qa.testcases.CreditAppCATestCase" name="dealerEnrollmentTest" time="18.835"/>
  <system-out/>
  <testcase classname="com.wheelpros.qa.testcases.CreditAppCATestCase" name="validateGSTSpclCharacters" time="11.137"/>
  <system-out/>
  <testcase classname="com.wheelpros.qa.testcases.CreditAppCATestCase" name="validateHST8Characters" time="8.689"/>
  <system-out/>
  <testcase classname="com.wheelpros.qa.testcases.CreditAppCATestCase" name="InvalidYearEstablishedByCurrentOwnership" time="8.582"/>
  <system-out/>
  <testcase classname="com.wheelpros.qa.testcases.CreditAppCATestCase" name="lbl10thProxCreditTerms" time="9.436"/>
  <system-out/>
  <testcase classname="com.wheelpros.qa.testcases.CreditAppCATestCase" name="validatePST7Characters" time="9.499"/>
  <system-out/>
  <testcase classname="com.wheelpros.qa.testcases.CreditAppCATestCase" name="validateTireRecycling15Characters" time="4.775">
    <skipped/>
  </testcase> <!-- validateTireRecycling15Characters -->
  <system-out/>
  <testcase classname="com.wheelpros.qa.testcases.CreditAppCATestCase" name="contactMandatoryFieldErrorMessageValidations" time="14.241"/>
  <system-out/>
  <testcase classname="com.wheelpros.qa.testcases.CreditAppCATestCase" name="submitFormselectNoCreditTerms" time="14.978"/>
  <system-out/>
  <testcase classname="com.wheelpros.qa.testcases.CreditAppCATestCase" name="validateGST9Alphabets" time="8.017"/>
  <system-out/>
  <testcase classname="com.wheelpros.qa.testcases.CreditAppCATestCase" name="validateHST15Characters" time="11.608"/>
  <system-out/>
  <testcase classname="com.wheelpros.qa.testcases.CreditAppCATestCase" name="validatePST10Characters" time="10.645"/>
  <system-out/>
  <testcase classname="com.wheelpros.qa.testcases.CreditAppCATestCase" name="excludeStreetAddressCompany" time="12.391"/>
  <system-out/>
  <testcase classname="com.wheelpros.qa.testcases.CreditAppCATestCase" name="ValidationInvaliEmailContact" time="10.921"/>
  <system-out/>
  <testcase classname="com.wheelpros.qa.testcases.CreditAppCATestCase" name="companyMandatoryFieldErrorMessageValidations" time="5.803"/>
  <system-out/>
  <testcase classname="com.wheelpros.qa.testcases.CreditAppCATestCase" name="VaildDatasubmitCompany" time="16.863"/>
  <system-out/>
  <testcase classname="com.wheelpros.qa.testcases.CreditAppCATestCase" name="validateContactPageMandatoryErrorContact" time="9.821"/>
  <system-out/>
  <testcase classname="com.wheelpros.qa.testcases.CreditAppCATestCase" name="validDataInBankInformationCreditTerms" time="28.646"/>
  <system-out/>
  <testcase classname="com.wheelpros.qa.testcases.CreditAppCATestCase" name="validateGST9Characters" time="8.965"/>
  <system-out/>
  <testcase classname="com.wheelpros.qa.testcases.CreditAppCATestCase" name="personalGuaranteeMandatoryFieldErrorMessageValidations" time="16.431"/>
  <system-out/>
  <testcase classname="com.wheelpros.qa.testcases.CreditAppCATestCase" name="beforeTestCase" time="25.037">
    <error message="Could not start a new session. Possible causes are invalid address of the remote server or browser start-up failure.
Build info: version: &#039;4.4.0&#039;, revision: &#039;e5c75ed026a&#039;
System info: host: &#039;N-IND-LTP-324&#039;, ip: &#039;192.168.1.5&#039;, os.name: &#039;Windows 11&#039;, os.arch: &#039;amd64&#039;, os.version: &#039;10.0&#039;, java.version: &#039;19&#039;
Driver info: org.openqa.selenium.chrome.ChromeDriver
Command: [null, newSession {capabilities=[Capabilities {browserName: chrome, goog:chromeOptions: {args: [--remote-allow-origins=*, --disable-notifications, --start-maximized], extensions: []}}], desiredCapabilities=Capabilities {browserName: chrome, goog:chromeOptions: {args: [--remote-allow-origins=*, --disable-notifications, --start-maximized], extensions: []}}}]" type="org.openqa.selenium.SessionNotCreatedException">
      <![CDATA[org.openqa.selenium.SessionNotCreatedException: Could not start a new session. Possible causes are invalid address of the remote server or browser start-up failure.
Build info: version: '4.4.0', revision: 'e5c75ed026a'
System info: host: 'N-IND-LTP-324', ip: '192.168.1.5', os.name: 'Windows 11', os.arch: 'amd64', os.version: '10.0', java.version: '19'
Driver info: org.openqa.selenium.chrome.ChromeDriver
Command: [null, newSession {capabilities=[Capabilities {browserName: chrome, goog:chromeOptions: {args: [--remote-allow-origins=*, --disable-notifications, --start-maximized], extensions: []}}], desiredCapabilities=Capabilities {browserName: chrome, goog:chromeOptions: {args: [--remote-allow-origins=*, --disable-notifications, --start-maximized], extensions: []}}}]
at org.openqa.selenium.remote.RemoteWebDriver.execute(RemoteWebDriver.java:565)
at org.openqa.selenium.remote.RemoteWebDriver.startSession(RemoteWebDriver.java:242)
at org.openqa.selenium.remote.RemoteWebDriver.<init>(RemoteWebDriver.java:157)
at org.openqa.selenium.chromium.ChromiumDriver.<init>(ChromiumDriver.java:101)
at org.openqa.selenium.chrome.ChromeDriver.<init>(ChromeDriver.java:81)
at org.openqa.selenium.chrome.ChromeDriver.<init>(ChromeDriver.java:70)
at com.wheelpros.web.utils.WebDriverUtil.initiateWebDriver(WebDriverUtil.java:26)
at com.wheelpros.qa.test.base.CreditAppBaseTest.beforeTestCase(CreditAppBaseTest.java:45)
at java.base/jdk.internal.reflect.DirectMethodHandleAccessor.invoke(DirectMethodHandleAccessor.java:104)
at java.base/java.lang.reflect.Method.invoke(Method.java:578)
at org.testng.internal.MethodInvocationHelper.invokeMethod(MethodInvocationHelper.java:133)
at org.testng.internal.MethodInvocationHelper.invokeMethodConsideringTimeout(MethodInvocationHelper.java:62)
at org.testng.internal.ConfigInvoker.invokeConfigurationMethod(ConfigInvoker.java:385)
at org.testng.internal.ConfigInvoker.invokeConfigurations(ConfigInvoker.java:321)
at org.testng.internal.TestInvoker.runConfigMethods(TestInvoker.java:700)
at org.testng.internal.TestInvoker.invokeMethod(TestInvoker.java:527)
at org.testng.internal.TestInvoker.invokeTestMethod(TestInvoker.java:173)
at org.testng.internal.MethodRunner.runInSequence(MethodRunner.java:46)
at org.testng.internal.TestInvoker$MethodInvocationAgent.invoke(TestInvoker.java:824)
at org.testng.internal.TestInvoker.invokeTestMethods(TestInvoker.java:146)
at org.testng.internal.TestMethodWorker.invokeTestMethods(TestMethodWorker.java:146)
at org.testng.internal.TestMethodWorker.run(TestMethodWorker.java:128)
at java.base/java.util.ArrayList.forEach(ArrayList.java:1511)
at org.testng.TestRunner.privateRun(TestRunner.java:794)
at org.testng.TestRunner.run(TestRunner.java:596)
at org.testng.SuiteRunner.runTest(SuiteRunner.java:377)
at org.testng.SuiteRunner.runSequentially(SuiteRunner.java:371)
at org.testng.SuiteRunner.privateRun(SuiteRunner.java:332)
at org.testng.SuiteRunner.run(SuiteRunner.java:276)
at org.testng.SuiteRunnerWorker.runSuite(SuiteRunnerWorker.java:53)
at org.testng.SuiteRunnerWorker.run(SuiteRunnerWorker.java:96)
at org.testng.TestNG.runSuitesSequentially(TestNG.java:1212)
at org.testng.TestNG.runSuitesLocally(TestNG.java:1134)
at org.testng.TestNG.runSuites(TestNG.java:1063)
at org.testng.TestNG.run(TestNG.java:1031)
at org.testng.remote.AbstractRemoteTestNG.run(AbstractRemoteTestNG.java:115)
at org.testng.remote.RemoteTestNG.initAndRun(RemoteTestNG.java:251)
at org.testng.remote.RemoteTestNG.main(RemoteTestNG.java:77)
Caused by: java.io.UncheckedIOException: java.net.ConnectException: Connection refused: no further information: localhost/[0:0:0:0:0:0:0:1]:64216
at org.openqa.selenium.remote.http.netty.NettyHttpHandler.makeCall(NettyHttpHandler.java:73)
at org.openqa.selenium.remote.http.AddSeleniumUserAgent.lambda$apply$0(AddSeleniumUserAgent.java:42)
at org.openqa.selenium.remote.http.Filter.lambda$andFinally$1(Filter.java:56)
at org.openqa.selenium.remote.http.netty.NettyHttpHandler.execute(NettyHttpHandler.java:49)
at org.openqa.selenium.remote.http.AddSeleniumUserAgent.lambda$apply$0(AddSeleniumUserAgent.java:42)
at org.openqa.selenium.remote.http.Filter.lambda$andFinally$1(Filter.java:56)
at org.openqa.selenium.remote.http.netty.NettyClient.execute(NettyClient.java:98)
at org.openqa.selenium.remote.ProtocolHandshake.createSession(ProtocolHandshake.java:120)
at org.openqa.selenium.remote.ProtocolHandshake.createSession(ProtocolHandshake.java:102)
at org.openqa.selenium.remote.ProtocolHandshake.createSession(ProtocolHandshake.java:67)
at org.openqa.selenium.remote.HttpCommandExecutor.execute(HttpCommandExecutor.java:156)
at org.openqa.selenium.remote.service.DriverCommandExecutor.invokeExecute(DriverCommandExecutor.java:167)
at org.openqa.selenium.remote.service.DriverCommandExecutor.execute(DriverCommandExecutor.java:142)
at org.openqa.selenium.remote.RemoteWebDriver.execute(RemoteWebDriver.java:547)
... 37 more
Caused by: java.net.ConnectException: Connection refused: no further information: localhost/[0:0:0:0:0:0:0:1]:64216
at org.asynchttpclient.netty.channel.NettyConnectListener.onFailure(NettyConnectListener.java:179)
at org.asynchttpclient.netty.channel.NettyChannelConnector$1.onFailure(NettyChannelConnector.java:108)
at org.asynchttpclient.netty.SimpleChannelFutureListener.operationComplete(SimpleChannelFutureListener.java:28)
at org.asynchttpclient.netty.SimpleChannelFutureListener.operationComplete(SimpleChannelFutureListener.java:20)
at io.netty.util.concurrent.DefaultPromise.notifyListener0(DefaultPromise.java:578)
at io.netty.util.concurrent.DefaultPromise.notifyListeners0(DefaultPromise.java:571)
at io.netty.util.concurrent.DefaultPromise.notifyListenersNow(DefaultPromise.java:550)
at io.netty.util.concurrent.DefaultPromise.notifyListeners(DefaultPromise.java:491)
at io.netty.util.concurrent.DefaultPromise.setValue0(DefaultPromise.java:616)
at io.netty.util.concurrent.DefaultPromise.setFailure0(DefaultPromise.java:609)
at io.netty.util.concurrent.DefaultPromise.tryFailure(DefaultPromise.java:117)
at io.netty.channel.nio.AbstractNioChannel$AbstractNioUnsafe.fulfillConnectPromise(AbstractNioChannel.java:321)
at io.netty.channel.nio.AbstractNioChannel$AbstractNioUnsafe.finishConnect(AbstractNioChannel.java:337)
at io.netty.channel.nio.NioEventLoop.processSelectedKey(NioEventLoop.java:710)
at io.netty.channel.nio.NioEventLoop.processSelectedKeysOptimized(NioEventLoop.java:658)
at io.netty.channel.nio.NioEventLoop.processSelectedKeys(NioEventLoop.java:584)
at io.netty.channel.nio.NioEventLoop.run(NioEventLoop.java:496)
at io.netty.util.concurrent.SingleThreadEventExecutor$4.run(SingleThreadEventExecutor.java:997)
at io.netty.util.internal.ThreadExecutorMap$2.run(ThreadExecutorMap.java:74)
at io.netty.util.concurrent.FastThreadLocalRunnable.run(FastThreadLocalRunnable.java:30)
at java.base/java.lang.Thread.run(Thread.java:1589)
Caused by: io.netty.channel.AbstractChannel$AnnotatedConnectException: Connection refused: no further information: localhost/[0:0:0:0:0:0:0:1]:64216
Caused by: java.net.ConnectException: Connection refused: no further information
at java.base/sun.nio.ch.Net.pollConnect(Native Method)
at java.base/sun.nio.ch.Net.pollConnectNow(Net.java:672)
at java.base/sun.nio.ch.SocketChannelImpl.finishConnect(SocketChannelImpl.java:973)
at io.netty.channel.socket.nio.NioSocketChannel.doFinishConnect(NioSocketChannel.java:337)
at io.netty.channel.nio.AbstractNioChannel$AbstractNioUnsafe.finishConnect(AbstractNioChannel.java:334)
at io.netty.channel.nio.NioEventLoop.processSelectedKey(NioEventLoop.java:710)
at io.netty.channel.nio.NioEventLoop.processSelectedKeysOptimized(NioEventLoop.java:658)
at io.netty.channel.nio.NioEventLoop.processSelectedKeys(NioEventLoop.java:584)
at io.netty.channel.nio.NioEventLoop.run(NioEventLoop.java:496)
at io.netty.util.concurrent.SingleThreadEventExecutor$4.run(SingleThreadEventExecutor.java:997)
at io.netty.util.internal.ThreadExecutorMap$2.run(ThreadExecutorMap.java:74)
at io.netty.util.concurrent.FastThreadLocalRunnable.run(FastThreadLocalRunnable.java:30)
at java.base/java.lang.Thread.run(Thread.java:1589)
]]>
    </error>
  </testcase> <!-- beforeTestCase -->
  <system-out/>
  <testcase classname="com.wheelpros.qa.testcases.CreditAppCATestCase" name="excludeOtherNotesCompany" time="10.224"/>
  <system-out/>
  <testcase classname="com.wheelpros.qa.testcases.CreditAppCATestCase" name="excludeProvinceCompany" time="9.124"/>
  <system-out/>
  <testcase classname="com.wheelpros.qa.testcases.CreditAppCATestCase" name="excludeCity" time="9.201"/>
  <system-out/>
  <testcase classname="com.wheelpros.qa.testcases.CreditAppCATestCase" name="excludePhoneContact" time="9.664"/>
  <system-out/>
  <testcase classname="com.wheelpros.qa.testcases.CreditAppCATestCase" name="excludeCompanyNameCompany" time="7.200"/>
  <system-out/>
  <testcase classname="com.wheelpros.qa.testcases.CreditAppCATestCase" name="excludeEmailAddressContact" time="11.244"/>
  <system-out/>
  <testcase classname="com.wheelpros.qa.testcases.CreditAppCATestCase" name="excludeIstheBusinessOperatingAtTheOwnerResidenceCompany" time="14.354"/>
  <system-out/>
  <testcase classname="com.wheelpros.qa.testcases.CreditAppCATestCase" name="validatePST11Characters" time="8.255"/>
  <system-out/>
  <testcase classname="com.wheelpros.qa.testcases.CreditAppCATestCase" name="excludeYearEstablishedByCurrentOwnershipCompany" time="8.088"/>
  <system-out/>
  <testcase classname="com.wheelpros.qa.testcases.CreditAppCATestCase" name="excludeFirstNameContact" time="9.741"/>
  <system-out/>
  <testcase classname="com.wheelpros.qa.testcases.CreditAppCATestCase" name="tearDownDriver" time="5.060">
    <error message="Session ID is null. Using WebDriver after calling quit()?
Build info: version: &#039;4.4.0&#039;, revision: &#039;e5c75ed026a&#039;
System info: host: &#039;N-IND-LTP-324&#039;, ip: &#039;192.168.1.5&#039;, os.name: &#039;Windows 11&#039;, os.arch: &#039;amd64&#039;, os.version: &#039;10.0&#039;, java.version: &#039;19&#039;
Driver info: org.openqa.selenium.chrome.ChromeDriver
Command: [null, screenshot {}]
Capabilities {acceptInsecureCerts: false, browserName: chrome, browserVersion: 112.0.5615.138, chrome: {chromedriverVersion: 111.0.5563.64 (c710e93d5b63..., userDataDir: C:\Users\Shashi\AppData\Loc...}, goog:chromeOptions: {debuggerAddress: localhost:57225}, networkConnectionEnabled: false, pageLoadStrategy: normal, platformName: WINDOWS, proxy: Proxy(), se:cdp: ws://localhost:57225/devtoo..., se:cdpVersion: 112.0.5615.138, setWindowRect: true, strictFileInteractability: false, timeouts: {implicit: 0, pageLoad: 300000, script: 30000}, unhandledPromptBehavior: dismiss and notify, webauthn:extension:credBlob: true, webauthn:extension:largeBlob: true, webauthn:extension:minPinLength: true, webauthn:extension:prf: true, webauthn:virtualAuthenticators: true}" type="org.openqa.selenium.NoSuchSessionException">
      <![CDATA[org.openqa.selenium.NoSuchSessionException: Session ID is null. Using WebDriver after calling quit()?
Build info: version: '4.4.0', revision: 'e5c75ed026a'
System info: host: 'N-IND-LTP-324', ip: '192.168.1.5', os.name: 'Windows 11', os.arch: 'amd64', os.version: '10.0', java.version: '19'
Driver info: org.openqa.selenium.chrome.ChromeDriver
Command: [null, screenshot {}]
Capabilities {acceptInsecureCerts: false, browserName: chrome, browserVersion: 112.0.5615.138, chrome: {chromedriverVersion: 111.0.5563.64 (c710e93d5b63..., userDataDir: C:\Users\Shashi\AppData\Loc...}, goog:chromeOptions: {debuggerAddress: localhost:57225}, networkConnectionEnabled: false, pageLoadStrategy: normal, platformName: WINDOWS, proxy: Proxy(), se:cdp: ws://localhost:57225/devtoo..., se:cdpVersion: 112.0.5615.138, setWindowRect: true, strictFileInteractability: false, timeouts: {implicit: 0, pageLoad: 300000, script: 30000}, unhandledPromptBehavior: dismiss and notify, webauthn:extension:credBlob: true, webauthn:extension:largeBlob: true, webauthn:extension:minPinLength: true, webauthn:extension:prf: true, webauthn:virtualAuthenticators: true}
at org.openqa.selenium.remote.HttpCommandExecutor.execute(HttpCommandExecutor.java:145)
at org.openqa.selenium.remote.service.DriverCommandExecutor.invokeExecute(DriverCommandExecutor.java:167)
at org.openqa.selenium.remote.service.DriverCommandExecutor.execute(DriverCommandExecutor.java:142)
at org.openqa.selenium.remote.RemoteWebDriver.execute(RemoteWebDriver.java:547)
at org.openqa.selenium.remote.RemoteWebDriver.execute(RemoteWebDriver.java:602)
at org.openqa.selenium.remote.RemoteWebDriver.execute(RemoteWebDriver.java:606)
at org.openqa.selenium.remote.RemoteWebDriver.getScreenshotAs(RemoteWebDriver.java:331)
at com.wheelpros.web.utils.Report.takeScreenShot(Report.java:100)
at com.wheelpros.web.utils.Report.log(Report.java:81)
at com.wheelpros.web.utils.Report.endTest(Report.java:64)
at com.wheelpros.qa.test.base.CreditAppBaseTest.tearDownDriver(CreditAppBaseTest.java:59)
at java.base/jdk.internal.reflect.DirectMethodHandleAccessor.invoke(DirectMethodHandleAccessor.java:104)
at java.base/java.lang.reflect.Method.invoke(Method.java:578)
at org.testng.internal.MethodInvocationHelper.invokeMethod(MethodInvocationHelper.java:133)
at org.testng.internal.MethodInvocationHelper.invokeMethodConsideringTimeout(MethodInvocationHelper.java:62)
at org.testng.internal.ConfigInvoker.invokeConfigurationMethod(ConfigInvoker.java:385)
at org.testng.internal.ConfigInvoker.invokeConfigurations(ConfigInvoker.java:321)
at org.testng.internal.TestInvoker.runConfigMethods(TestInvoker.java:700)
at org.testng.internal.TestInvoker.runAfterGroupsConfigurations(TestInvoker.java:676)
at org.testng.internal.TestInvoker.invokeMethod(TestInvoker.java:546)
at org.testng.internal.TestInvoker.invokeTestMethod(TestInvoker.java:173)
at org.testng.internal.MethodRunner.runInSequence(MethodRunner.java:46)
at org.testng.internal.TestInvoker$MethodInvocationAgent.invoke(TestInvoker.java:824)
at org.testng.internal.TestInvoker.invokeTestMethods(TestInvoker.java:146)
at org.testng.internal.TestMethodWorker.invokeTestMethods(TestMethodWorker.java:146)
at org.testng.internal.TestMethodWorker.run(TestMethodWorker.java:128)
at java.base/java.util.ArrayList.forEach(ArrayList.java:1511)
at org.testng.TestRunner.privateRun(TestRunner.java:794)
at org.testng.TestRunner.run(TestRunner.java:596)
at org.testng.SuiteRunner.runTest(SuiteRunner.java:377)
at org.testng.SuiteRunner.runSequentially(SuiteRunner.java:371)
at org.testng.SuiteRunner.privateRun(SuiteRunner.java:332)
at org.testng.SuiteRunner.run(SuiteRunner.java:276)
at org.testng.SuiteRunnerWorker.runSuite(SuiteRunnerWorker.java:53)
at org.testng.SuiteRunnerWorker.run(SuiteRunnerWorker.java:96)
at org.testng.TestNG.runSuitesSequentially(TestNG.java:1212)
at org.testng.TestNG.runSuitesLocally(TestNG.java:1134)
at org.testng.TestNG.runSuites(TestNG.java:1063)
at org.testng.TestNG.run(TestNG.java:1031)
at org.testng.remote.AbstractRemoteTestNG.run(AbstractRemoteTestNG.java:115)
at org.testng.remote.RemoteTestNG.initAndRun(RemoteTestNG.java:251)
at org.testng.remote.RemoteTestNG.main(RemoteTestNG.java:77)
]]>
    </error>
  </testcase> <!-- tearDownDriver -->
  <system-out/>
  <testcase classname="com.wheelpros.qa.testcases.CreditAppCATestCase" name="validateGST8Characters" time="28.275"/>
  <system-out/>
  <testcase classname="com.wheelpros.qa.testcases.CreditAppCATestCase" name="excludeLastNameContact" time="8.364"/>
  <system-out/>
  <testcase classname="com.wheelpros.qa.testcases.CreditAppCATestCase" name="clickYesCreditTerms" time="13.213"/>
  <system-out/>
  <testcase classname="com.wheelpros.qa.testcases.CreditAppCATestCase" name="creditTermsMandatoryFieldErrorMessageValidations" time="12.092"/>
  <system-out/>
  <testcase classname="com.wheelpros.qa.testcases.CreditAppCATestCase" name="validateHSTSpclCharacters" time="7.954"/>
  <system-out/>
  <testcase classname="com.wheelpros.qa.testcases.CreditAppCATestCase" name="Guarantor2onlyFirstnameSubmitPersonalGuarantee" time="20.212"/>
  <system-out/>
  <testcase classname="com.wheelpros.qa.testcases.CreditAppCATestCase" name="validateTireRecycling1Characters" time="4.667">
    <skipped/>
  </testcase> <!-- validateTireRecycling1Characters -->
  <system-out/>
  <testcase classname="com.wheelpros.qa.testcases.CreditAppCATestCase" name="validatePSTOnlyAlphabtes" time="3.541"/>
  <system-out/>
  <testcase classname="com.wheelpros.qa.testcases.CreditAppCATestCase" name="mandatroyFiledsEmptyCreditTerms" time="7.068"/>
  <system-out/>
  <testcase classname="com.wheelpros.qa.testcases.CreditAppCATestCase" name="VaildDataContact" time="7.418"/>
  <system-out/>
</testsuite> <!-- com.wheelpros.qa.testcases.CreditAppCATestCase -->
